g:\backup\repos\simplecleaner\simplecleaner\release\vc143.pdb
g:\backup\repos\simplecleaner\simplecleaner\release\.netframework,version=v4.8.assemblyattributes.obj
g:\backup\repos\simplecleaner\simplecleaner\release\showmessage.obj
g:\backup\repos\simplecleaner\simplecleaner\release\registro.obj
g:\backup\repos\simplecleaner\simplecleaner\release\home.obj
g:\backup\repos\simplecleaner\simplecleaner\release\core.obj
g:\backup\repos\simplecleaner\simplecleaner\release\config.obj
g:\backup\repos\simplecleaner\simplecleaner\release\addkey.obj
g:\backup\repos\simplecleaner\simplecleaner\release\about.obj
g:\backup\repos\simplecleaner\release\simplecleaner.exe
g:\backup\repos\simplecleaner\release\simplecleaner.pdb
g:\backup\repos\simplecleaner\simplecleaner\release\simplecleaner.tlog\cl.command.1.tlog
g:\backup\repos\simplecleaner\simplecleaner\release\simplecleaner.tlog\cl.items.tlog
g:\backup\repos\simplecleaner\simplecleaner\release\simplecleaner.tlog\cl.read.1.tlog
g:\backup\repos\simplecleaner\simplecleaner\release\simplecleaner.tlog\cl.write.1.tlog
g:\backup\repos\simplecleaner\simplecleaner\release\simplecleaner.tlog\link.command.1.tlog
g:\backup\repos\simplecleaner\simplecleaner\release\simplecleaner.tlog\link.read.1.tlog
g:\backup\repos\simplecleaner\simplecleaner\release\simplecleaner.tlog\link.write.1.tlog
g:\backup\repos\simplecleaner\simplecleaner\release\simplecleaner.tlog\metagen.read.1.tlog
g:\backup\repos\simplecleaner\simplecleaner\release\simplecleaner.tlog\metagen.write.1.tlog
g:\backup\repos\simplecleaner\simplecleaner\release\simplecleaner.tlog\resgen.command.1.tlog
g:\backup\repos\simplecleaner\simplecleaner\release\simplecleaner.tlog\resgen.read.1.tlog
g:\backup\repos\simplecleaner\simplecleaner\release\simplecleaner.tlog\resgen.write.1.tlog
