g:\backup\repos\simplecleaner\simplecleaner\x64\debug\core.obj
g:\backup\repos\simplecleaner\simplecleaner\x64\debug\addkey.obj
g:\backup\repos\simplecleaner\simplecleaner\x64\debug\.netframework,version=v4.8.assemblyattributes.obj
g:\backup\repos\simplecleaner\simplecleaner\x64\debug\registro.obj
g:\backup\repos\simplecleaner\simplecleaner\x64\debug\home.obj
g:\backup\repos\simplecleaner\simplecleaner\x64\debug\vc143.pdb
g:\backup\repos\simplecleaner\simplecleaner\x64\debug\config.obj
g:\backup\repos\simplecleaner\x64\debug\simplecleaner.exe
g:\backup\repos\simplecleaner\x64\debug\simplecleaner.pdb
g:\backup\repos\simplecleaner\simplecleaner\x64\debug\simplecleaner.vcxproj.suggestedbindingredirects.cache
g:\backup\repos\simplecleaner\simplecleaner\x64\debug\simplecleaner.tlog\cl.command.1.tlog
g:\backup\repos\simplecleaner\simplecleaner\x64\debug\simplecleaner.tlog\cl.items.tlog
g:\backup\repos\simplecleaner\simplecleaner\x64\debug\simplecleaner.tlog\cl.read.1.tlog
g:\backup\repos\simplecleaner\simplecleaner\x64\debug\simplecleaner.tlog\cl.write.1.tlog
g:\backup\repos\simplecleaner\simplecleaner\x64\debug\simplecleaner.tlog\link.command.1.tlog
g:\backup\repos\simplecleaner\simplecleaner\x64\debug\simplecleaner.tlog\link.read.1.tlog
g:\backup\repos\simplecleaner\simplecleaner\x64\debug\simplecleaner.tlog\link.write.1.tlog
g:\backup\repos\simplecleaner\simplecleaner\x64\debug\simplecleaner.tlog\metagen.read.1.tlog
g:\backup\repos\simplecleaner\simplecleaner\x64\debug\simplecleaner.tlog\metagen.write.1.tlog
g:\backup\repos\simplecleaner\simplecleaner\x64\debug\simplecleaner.tlog\rc.command.1.tlog
g:\backup\repos\simplecleaner\simplecleaner\x64\debug\simplecleaner.tlog\resgen.command.1.tlog
g:\backup\repos\simplecleaner\simplecleaner\x64\debug\simplecleaner.tlog\resgen.read.1.tlog
g:\backup\repos\simplecleaner\simplecleaner\x64\debug\simplecleaner.tlog\resgen.write.1.tlog
